<?xml version="1.0" encoding="UTF-8"?>
<testng-results ignored="0" total="1" passed="1" failed="0" skipped="0">
  <reporter-output>
  </reporter-output>
  <suite started-at="2022-09-05T00:07:46 CEST" name="Default suite" finished-at="2022-09-05T00:09:24 CEST" duration-ms="98633">
    <groups>
    </groups>
    <test started-at="2022-09-05T00:07:46 CEST" name="Default test" finished-at="2022-09-05T00:09:24 CEST" duration-ms="98633">
      <class name="SunflowerApp_Tests.CreateGmailAccount_Test">
        <test-method is-config="true" signature="setupMethod()[pri:0, instance:SunflowerApp_Tests.CreateGmailAccount_Test@6bbe85a8]" started-at="2022-09-05T00:07:47 CEST" name="setupMethod" finished-at="2022-09-05T00:08:05 CEST" duration-ms="18166" status="PASS">
          <reporter-output>
          </reporter-output>
        </test-method> <!-- setupMethod -->
        <test-method signature="CreateGmailAccountFunc(java.lang.String,java.lang.String,java.lang.String)[pri:0, instance:SunflowerApp_Tests.CreateGmailAccount_Test@6bbe85a8]" started-at="2022-09-05T00:08:05 CEST" name="CreateGmailAccountFunc" data-provider="CreateAccount" finished-at="2022-09-05T00:09:24 CEST" duration-ms="79268" status="PASS">
          <params>
            <param index="0">
              <value>
                <![CDATA[Divya]]>
              </value>
            </param>
            <param index="1">
              <value>
                <![CDATA[20]]>
              </value>
            </param>
            <param index="2">
              <value>
                <![CDATA[1995]]>
              </value>
            </param>
          </params>
          <reporter-output>
          </reporter-output>
        </test-method> <!-- CreateGmailAccountFunc -->
        <test-method is-config="true" signature="tearDown()[pri:0, instance:SunflowerApp_Tests.CreateGmailAccount_Test@6bbe85a8]" started-at="2022-09-05T00:09:24 CEST" name="tearDown" finished-at="2022-09-05T00:09:24 CEST" duration-ms="315" status="PASS">
          <reporter-output>
          </reporter-output>
        </test-method> <!-- tearDown -->
      </class> <!-- SunflowerApp_Tests.CreateGmailAccount_Test -->
    </test> <!-- Default test -->
  </suite> <!-- Default suite -->
</testng-results>
